C51 COMPILER V9.54   MAIN                                                                  05/12/2021 14:42:10 PAGE 1   


C51 COMPILER V9.54, COMPILATION OF MODULE MAIN
OBJECT MODULE PLACED IN main.OBJ
COMPILER INVOKED BY: D:\MDK5\C51\BIN\C51.EXE main.c OPTIMIZE(8,SPEED) BROWSE DEBUG OBJECTEXTEND TABS(2)

line level    source

   1          /*********************************************************************************
   2          * ЁОБраДЪБМфЁПЃК 2021Фъ5дТ12Ше
   3          * ЁОзї    епЁПЃК ЧхЯшЕчзг:03
   4          * ЁОАц    БОЁПЃК 1.0
   5          * ЁОЭј    еОЁПЃК http://www.QXMBOT.com/ 
   6          * ЁОЬдБІЕъЦЬЁПЃК http://qxmcu.taobao.com/ (жБЯњЕъ)
   7          * ЁОЪЕбщЦНЬЈЁПЃК QX-A11бЧПЫСІжЧФмаЁГЕ  
   8          * ЁОЭтВПОЇеёЁПЃК 11.0592mhz 
   9          * ЁОжїПиаОЦЌЁПЃК 12T 51ЕЅЦЌЛњ
  10          * ЁОБрвыЛЗОГЁПЃК Keil ІЬVisio4
  11          * АцШЈЫљгаЃЌЕСАцБиОПЁЃ
  12          * Copyright(C) QXMBOT
  13          * All rights reserved
  14          ***********************************************************************************
  15          * ЁОНгЯпЫЕУїЁПЃКЧыВЮПМзЪСЯФкЭМЮФЫЕУїЪщ
  16          * ЁОГЬађЙІФмЁПЃКQX-A11жЧФмаЁГЕКкЯпб­МЃ+КьЭтБмеЯ+ГЌЩљВЈБмеЯ                                
  17          * ЁОзЂвтЪТЯюЁПЃККьЭтБмеЯЛсБЛздШЛЙтИЩШХ
  18          **********************************************************************************/
  19          //ЭЈЙ§АДПЊЗЂАхЩЯKEYАДМќЧаЛЛФЃЪНЃЌФЌШЯЮЊФЃЪН0ГЌЩљВЈБмеЯLED1,LED2У№ЃЌФЃЪН1КьЭтБмеЯ+ГЌЩљВЈБмеЯLED1СС,LED2У№ЃЌ
  20          //ФЃЪН2КьЭтб­МЃ+ГЌЩљВЈБмеЯLED1У№,LED2ССЃЌФЃЪН3КьЭтб­МЃLED1СС,LED2СС
  21          #include <reg52.h>//51ЭЗЮФМў
  22          #include <QX_A11.h>//QX_A11жЧФмаЁГЕХфжУЮФМў
  23          #include <intrins.h>
  24          bit Timer1Overflow; //МЦЪ§Цї1вчГіБъжОЮЛ
  25          unsigned char disbuff[4]={0,0,0,0};//гУгкЗжБ№ДцЗХОрРыЕФжЕУзЃЌРхУзЃЌКСУз
  26          unsigned int LeftDistance = 0, RightDistance = 0, FrontDistance = 0; //дЦЬЈВтОрОрРыЛКДц
  27          unsigned int DistBuf[5] = {0};//distance data buffer
  28          unsigned char pwm_val_left,pwm_val_right; //жаМфБфСПЃЌгУЛЇЧыЮ№аоИФЁЃ
  29          unsigned char   pwm_left,pwm_right;     //ЖЈвхPWMЪфГіИпЕчЦНЕФЪБМфЕФБфСПЁЃгУЛЇВйзїPWMЕФБфСПЁЃ
  30          unsigned char mode;//ФЃЪНЩшжУБфСП
  31          #define   PWM_DUTY    200     //ЃЈгУгкЖцЛњЪБВЛПЩаоИФЃЉЖЈвхPWMЕФжмЦкЃЌЪ§жЕЮЊЖЈЪБЦї0вчГіжмЦкЃЌМйШчЖЈЪБЦївчГіЪБМфЮ
             -Њ100usЃЌдђPWMжмЦкЮЊ20msЁЃ
  32          #define   PWM_HIGH_MIN  70      //ЯожЦPWMЪфГіЕФзюаЁеМПеБШЁЃгУЛЇЧыЮ№аоИФЁЃ
  33          #define   PWM_HIGH_MAX  PWM_DUTY  //ЯожЦPWMЪфГіЕФзюДѓеМПеБШЁЃгУЛЇЧыЮ№аоИФЁЃ
  34          
  35          void Timer0_Init(void); //ЖЈЪБЦї0ГѕЪМЛЏ
  36          void Timer1_Init(void);//ЖЈЪБЦї1ГѕЪМЛЏ
  37          void LoadPWM(void);//зАШыPWMЪфГіжЕ 
  38          void Delay_Ms(unsigned int ms);//КСУыМЖбгЪБКЏЪ§
  39          void forward(unsigned char LeftSpeed,unsigned char RightSpeed);//QX_A11жЧФмаЁГЕЧАНј 
  40          void left_run(unsigned char LeftSpeed,unsigned char RightSpeed);//QX_A11жЧФмаЁГЕзѓзЊ  
  41          void right_run(unsigned char LeftSpeed,unsigned char RightSpeed);//QX_A11жЧФмаЁГЕгвзЊ
  42          void back_run(unsigned char LeftSpeed,unsigned char RightSpeed);//QX_A11жЧФмаЁГЕКѓЭЫ
  43          void stop(void);//QX_A11жЧФмаЁГЕЭЃГЕ
  44          unsigned int QXMBOT_GetDistance(void);//ЛёШЁГЌЩљВЈОрРы
  45          void QXMBOT_TrigUltrasonic(void);// ДЅЗЂГЌЩљВЈ
  46          void Tracking();//КкЯпб­МЃКЏЪ§
  47          void UltrasonicAvoid(unsigned int val);//ГЌЩљВЈБмеЯ
  48          void ULT_TrakAvoid(unsigned int val);//КьЭтб­МЃГЌЩљВЈБмеЯ
  49          void ULT_IRAvoid(unsigned int val);//КьЭтБмеЯ+ГЌЩљВЈБмеЯ
  50          
  51          /*жїКЏЪ§*/     
  52          void main(void)
  53          {
  54   1        Timer0_Init();//ЖЈЪБ0ГѕЪМЛЏ
C51 COMPILER V9.54   MAIN                                                                  05/12/2021 14:42:10 PAGE 2   

  55   1        Timer1_Init();//ЖЈЪБ0ГѕЪМЛЏ
  56   1        IT1 = 1;                        //set INT1 int type (1:Falling only 0:Low level)
  57   1        EX1 = 1;                        //enable INT1 interrupt
  58   1        EA_on;  //ПЊжаЖЯ
  59   1        while(1)
  60   1        {
  61   2          switch(mode)
  62   2          {
  63   3            case 0:  LED1=1,LED2=1; UltrasonicAvoid(300); break; //ГЌЩљВЈБмеЯФЃЪН,LED1,LED2зДЬЌжИЪОЕЦЯЈУ№
  64   3            case 1:  LED1=0,LED2=1; ULT_IRAvoid(300); break;  //КьЭтБмеЯ+ГЌЩљВЈБмеЯ,LED1СС,LED2У№
  65   3            case 2:  LED1=1,LED2=0; ULT_TrakAvoid(200); break;//КьЭтб­МЃГЌЩљВЈБмеЯФЃЪН,LED1У№,LED2СС
  66   3            case 3:  LED1=0,LED2=0; Tracking(); break;//КкЯпб­МЃФЃЪН,LED1СС,LED2СС
  67   3            default: stop(); /*ЭЃГЕ*/  break;
  68   3          }   
  69   2        } 
  70   1      }
  71          //External interrupt1 service routine
  72          void exint1() interrupt 2           //(location at 0013H)
  73          {
  74   1        if(KEY==0)//ХаЖЯKEYЪЧЗёАДЯТ
  75   1        {
  76   2          stop();//ЭЃГЕ
  77   2          Delay_Ms(10); //ШэМўЯћЖЖ
  78   2          if(KEY==0)//дйДЮХаЖЯKEYЪЧЗёАДЯТ
  79   2          {
  80   3            mode++;
  81   3            while(!KEY);//ЫЩЪжМьВт
  82   3          }
  83   2        }
  84   1        if(mode > 3)  mode = 0;
  85   1      }
  86          
  87          /*********************************************
  88          QX_A11жЧФмаЁГЕЧАНј
  89          ШыПкВЮЪ§ЃКLeftSpeedЃЌRightSpeed
  90          ГіПкВЮЪ§: Юо
  91          ЫЕУїЃКLeftSpeedЃЌRightSpeedЗжБ№ЩшжУзѓгвГЕТжзЊЫй
  92          **********************************************/
  93          void forward(unsigned char LeftSpeed,unsigned char RightSpeed)
  94          {
  95   1        pwm_left = LeftSpeed,pwm_right =  RightSpeed;//ЩшжУЫйЖШ
  96   1        left_motor_go; //зѓЕчЛњЧАНј
  97   1        right_motor_go; //гвЕчЛњЧАНј
  98   1      }
  99          /*аЁГЕзѓзЊ*/
 100          /*********************************************
 101          QX_A11жЧФмаЁГЕзѓзЊ
 102          ШыПкВЮЪ§ЃКLeftSpeedЃЌRightSpeed
 103          ГіПкВЮЪ§: Юо
 104          ЫЕУїЃКLeftSpeedЃЌRightSpeedЗжБ№ЩшжУзѓгвГЕТжзЊЫй
 105          **********************************************/
 106          void left_run(unsigned char LeftSpeed,unsigned char RightSpeed)
 107          {
 108   1        pwm_left = LeftSpeed,pwm_right =  RightSpeed;//ЩшжУЫйЖШ
 109   1        left_motor_back; //зѓЕчЛњКѓЭЫ
 110   1        right_motor_go; //гвЕчЛњЧАНј  
 111   1      }
 112          
 113          /*********************************************
 114          QX_A11жЧФмаЁГЕгвзЊ
 115          ШыПкВЮЪ§ЃКLeftSpeedЃЌRightSpeed
 116          ГіПкВЮЪ§: Юо
C51 COMPILER V9.54   MAIN                                                                  05/12/2021 14:42:10 PAGE 3   

 117          ЫЕУїЃКLeftSpeedЃЌRightSpeedЗжБ№ЩшжУзѓгвГЕТжзЊЫй
 118          **********************************************/
 119          void right_run(unsigned char LeftSpeed,unsigned char RightSpeed)
 120          {
 121   1        pwm_left = LeftSpeed,pwm_right =  RightSpeed;//ЩшжУЫйЖШ
 122   1        right_motor_back;//гвЕчЛњКѓЭЫ
 123   1        left_motor_go;    //зѓЕчЛњЧАНј
 124   1      }
 125          /*********************************************
 126          QX_A11жЧФмаЁГЕКѓЭЫ
 127          ШыПкВЮЪ§ЃКLeftSpeedЃЌRightSpeed
 128          ГіПкВЮЪ§: Юо
 129          ЫЕУїЃКLeftSpeedЃЌRightSpeedЗжБ№ЩшжУзѓгвГЕТжзЊЫй
 130          **********************************************/
 131          void back_run(unsigned char LeftSpeed,unsigned char RightSpeed)
 132          {
 133   1        pwm_left = LeftSpeed,pwm_right =  RightSpeed;//ЩшжУЫйЖШ
 134   1        right_motor_back;//гвЕчЛњКѓЭЫ
 135   1        left_motor_back; //зѓЕчЛњКѓЭЫ
 136   1      }
 137          /*********************************************
 138          QX_A11жЧФмаЁГЕЭЃГЕ
 139          ШыПкВЮЪ§ЃКЮо
 140          ГіПкВЮЪ§: Юо
 141          ЫЕУїЃКQX_A11жЧФмаЁГЕЭЃГЕ
 142          **********************************************/
 143          void stop(void)
 144          {
 145   1        left_motor_stops;
 146   1        right_motor_stops;
 147   1      }
 148          
 149          /*====================================
 150          КЏЪ§ЃКvoid Delay_Ms(INT16U ms)
 151          ВЮЪ§ЃКmsЃЌКСУыбгЪБаЮВЮ
 152          УшЪіЃК12T 51ЕЅЦЌЛњздЪЪгІжїЪБжгКСУыМЖбгЪБКЏЪ§
 153          ====================================*/
 154          void Delay_Ms(unsigned int ms)
 155          {
 156   1           unsigned int i;
 157   1         do{
 158   2              i = MAIN_Fosc / 96000; 
 159   2            while(--i);   //96T per loop
 160   2           }while(--ms);
 161   1      }
 162          /*********************************************
 163          QX_A11жЧФмаЁГЕPWMЪфГі
 164          ШыПкВЮЪ§ЃКЮо
 165          ГіПкВЮЪ§: Юо
 166          ЫЕУїЃКзАдиPWMЪфГі,ШчЙћЩшжУШЋОжБфСПpwm_left,pwm_rightЗжБ№ХфжУзѓгвЪфГіИпЕчЦНЪБМф
 167          **********************************************/
 168          void LoadPWM(void)
 169          {
 170   1        if(pwm_left > PWM_HIGH_MAX)   pwm_left = PWM_HIGH_MAX;  //ШчЙћзѓЪфГіаДШыДѓгкзюДѓеМПеБШЪ§ОнЃЌдђЧПжЦЮЊзюДѓеМП
             -еБШЁЃ
 171   1        if(pwm_left < PWM_HIGH_MIN)   pwm_left = PWM_HIGH_MIN;  //ШчЙћзѓЪфГіаДШыаЁгкзюаЁеМПеБШЪ§ОнЃЌдђЧПжЦЮЊзюаЁеМП
             -еБШЁЃ
 172   1        if(pwm_right > PWM_HIGH_MAX)  pwm_right = PWM_HIGH_MAX; //ШчЙћгвЪфГіаДШыДѓгкзюДѓеМПеБШЪ§ОнЃЌдђЧПжЦЮЊзюДѓеМ
             -ПеБШЁЃ
 173   1        if(pwm_right < PWM_HIGH_MIN)  pwm_right = PWM_HIGH_MIN; //ШчЙћгвЪфГіаДШыаЁгкзюаЁеМПеБШЪ§ОнЃЌдђЧПжЦЮЊзюаЁеМ
             -ПеБШЁЃ
 174   1        if(pwm_val_left<=pwm_left)    Left_moto_pwm = 1;  //зАдизѓPWMЪфГіИпЕчЦНЪБМф
C51 COMPILER V9.54   MAIN                                                                  05/12/2021 14:42:10 PAGE 4   

 175   1        else Left_moto_pwm = 0;                 //зАдизѓPWMЪфГіЕЭЕчЦНЪБМф
 176   1        if(pwm_val_left>=PWM_DUTY)    pwm_val_left = 0; //ШчЙћзѓЖдБШжЕДѓгкЕШгкзюДѓеМПеБШЪ§ОнЃЌдђЮЊСу
 177   1      
 178   1        if(pwm_val_right<=pwm_right)  Right_moto_pwm = 1; //зАдигвPWMЪфГіИпЕчЦНЪБМф
 179   1        else Right_moto_pwm = 0;              //зАдигвPWMЪфГіЕЭЕчЦНЪБМф
 180   1        if(pwm_val_right>=PWM_DUTY)   pwm_val_right = 0;  //ШчЙћгвЖдБШжЕДѓгкЕШгкзюДѓеМПеБШЪ§ОнЃЌдђЮЊСу
 181   1      }
 182          /*ГЌЩљВЈДЅЗЂ*/
 183          void QXMBOT_TrigUltrasonic()
 184          {
 185   1        TrigPin = 0; //ГЌЩљВЈФЃПщTrig ПижЦЖЫ
 186   1        _nop_();
 187   1        _nop_();
 188   1        _nop_();
 189   1        _nop_();
 190   1        _nop_();
 191   1        TrigPin = 1; //ГЌЩљВЈФЃПщTrig ПижЦЖЫ
 192   1        _nop_();_nop_();_nop_();_nop_();_nop_();
 193   1        _nop_();_nop_();_nop_();_nop_();_nop_();
 194   1        _nop_();_nop_();_nop_();_nop_();_nop_();
 195   1        TrigPin = 0; //ГЌЩљВЈФЃПщTrig ПижЦЖЫ
 196   1      }
 197          /*====================================
 198          КЏЪ§Ућ  ЃКQXMBOT_GetDistance
 199          ВЮЪ§  ЃКЮо
 200          ЗЕЛижЕ  ЃКЛёШЁОрРыЕЅЮЛКСУз
 201          УшЪі  ЃКГЌЩљВЈВтОр
 202          ЭЈЙ§ЗЂЩфаХКХЕНЪеЕНЛиЯьаХКХЕФЪБМфВтЪдОрРы
 203          ЕЅЦЌЛњОЇеё11.0592Mhz
 204          зЂвтВтОржмЦкЮЊ60msвдЩЯ
 205          ====================================*/
 206          unsigned int QXMBOT_GetDistance()
 207          {
 208   1        unsigned int Distance = 0;  //ГЌЩљВЈОрРы
 209   1        unsigned int  Time=0;   //гУгкДцЗХЖЈЪБЦїЪБМфжЕ
 210   1        QXMBOT_TrigUltrasonic();  //ГЌЩљВЈДЅЗЂ
 211   1        while(!EchoPin);    //ХаЖЯЛиЯьаХКХЪЧЗёЮЊЕЭЕчЦН
 212   1        Timer1On;     //ЦєЖЏЖЈЪБЦї1
 213   1        while(EchoPin);   //ЕШД§ЪеЕНЛиЯьаХКХ
 214   1        Timer1Off;      //ЙиБеЖЈЪБЦї1
 215   1        Time=TH1*256+TL1; //ЖСШЁЪБМф
 216   1        TH1=0;
 217   1        TL1=0;        //ЧхПеЖЈЪБЦї
 218   1          Distance = (float)(Time*1.085)*0.17;//ЫуГіРДЪЧMM
 219   1        return(Distance);//ЗЕЛиОрРы       
 220   1      }
 221          /*====================================
 222          КЏЪ§Ућ  ЃКUltrasonicAvoid
 223          ВЮЪ§  ЃКvalЩшжУБмеЯДЅЗЂОрРы
 224          ЗЕЛижЕ  ЃКЮо
 225          УшЪі  ЃКжЧФмаЁГЕГЌЩљВЈБмеЯ
 226          ОрРыЕЅЮЛЃККСУз
 227          ====================================*/
 228          void UltrasonicAvoid(unsigned int val)
 229          {
 230   1        unsigned int Dis;//ОрРыднДцБфСП
 231   1        Delay_Ms(60);//бгЪБ60msГЌЩљВЈВтОрашвЊМфИє60ms
 232   1        Dis = QXMBOT_GetDistance();//ЛёШЁГЌЩљВЈВтОрОрРы,ЕЅЮЛЃККСУз
 233   1        if(Dis < val)
 234   1        { 
 235   2          do{
 236   3            stop(); //ЭЃГЕ
C51 COMPILER V9.54   MAIN                                                                  05/12/2021 14:42:10 PAGE 5   

 237   3            beep = 0;//УљЕб
 238   3            Delay_Ms(100);
 239   3            beep = 1;//ОВвє
 240   3            back_run(120, 120);//КѓЭЫ
 241   3            Delay_Ms(50);//бгЪБ50ms
 242   3            left_run(120, 120);//д­ЕизѓзЊ
 243   3            Delay_Ms(100);//бгЪБ100ms
 244   3            Dis = QXMBOT_GetDistance();//ЛёШЁГЌЩљВЈВтОрОрРы,ЕЅЮЛЃККСУз
 245   3          }while(Dis < val);
 246   2          forward(120, 120);//ЧАНј
 247   2          Delay_Ms(60);//бгЪБ60ms
 248   2        }
 249   1        else
 250   1        {
 251   2          forward(120, 120);//ЧАНј  
 252   2        }
 253   1      }
 254          /*====================================
 255          КЏЪ§Ућ  ЃКULT_TrakAvoid
 256          ВЮЪ§  ЃКvalЩшжУБмеЯДЅЗЂОрРы
 257          ЗЕЛижЕ  ЃКЮо
 258          УшЪі  ЃКжЧФмаЁГЕб­МЃ+ГЌЩљВЈБмеЯ
 259          ОрРыЕЅЮЛЃККСУз
 260          ====================================*/
 261          void ULT_TrakAvoid(unsigned int val)
 262          {
 263   1        unsigned int i;
 264   1        unsigned int Dis;//ОрРыднДцБфСП
 265   1        for(i=0; i<6000; i++)   Tracking();//б­ЛЗжДааКкЯпб­МЃДяЕНбгЪБжДааЖСШЁГЌЩљВЈОрРыЕФаЇЙћЃЌГЌЩљВЈВтОрМфИєашвЊД
             -ѓгк60ms
 266   1        Dis = QXMBOT_GetDistance();//ЛёШЁГЌЩљВЈВтОрОрРы,ЕЅЮЛЃККСУз
 267   1        if(Dis < val)//КСУз
 268   1        { 
 269   2          do{
 270   3            stop(); //ЭЃГЕ
 271   3            beep = 0;//УљЕб
 272   3            Delay_Ms(100);
 273   3            Dis = QXMBOT_GetDistance();//ЛёШЁГЌЩљВЈВтОрОрРы,ЕЅЮЛЃККСУз
 274   3          }while(Dis < val);
 275   2          beep = 1;//ОВвє
 276   2        }
 277   1      }
 278          
 279          /*====================================
 280          КЏЪ§Ућ  ЃКULT_IRAvoid
 281          ВЮЪ§  ЃКvalЩшжУБмеЯДЅЗЂОрРы
 282          ЗЕЛижЕ  ЃКЮо
 283          УшЪі  ЃКжЧФмаЁГЕКьЭт+ГЌЩљВЈБмеЯ
 284          ОрРыЕЅЮЛЃККСУз
 285          ====================================*/
 286          void ULT_IRAvoid(unsigned int val)
 287          {
 288   1        unsigned int Dis;//ОрРыднДцБфСП
 289   1        unsigned int i;
 290   1        for(i=0; i<6000; i++)//б­ЛЗжДааКьЭтБмеЯДяЕНбгЪБжДааЖСШЁГЌЩљВЈОрРыЕФаЇЙћЃЌГЌЩљВЈВтОрМфИєашвЊДѓгк60ms
 291   1        {
 292   2          if(right_led2 == 0)//гвМьВтЕНеЯА­ЮяЃЌзѓзЊ
 293   2          {
 294   3            left_run(120,120);//зѓзЊ
 295   3          }
 296   2          if(left_led2 == 0)//зѓМьВтЕНеЯА­ЮяЃЌгвзЊ
 297   2          {
C51 COMPILER V9.54   MAIN                                                                  05/12/2021 14:42:10 PAGE 6   

 298   3            right_run(120,120);//гвзЊ
 299   3          }
 300   2        }
 301   1        Dis = QXMBOT_GetDistance();//ЛёШЁГЌЩљВЈВтОрОрРы,ЕЅЮЛЃККСУз
 302   1        if(Dis < val)
 303   1        { 
 304   2          do{
 305   3            stop(); //ЭЃГЕ
 306   3            beep = 0;//УљЕб
 307   3            Delay_Ms(100);
 308   3            beep = 1;//ОВвє
 309   3            back_run(120, 120);//КѓЭЫ
 310   3            Delay_Ms(50);//бгЪБ50ms
 311   3            left_run(120, 120);//д­ЕизѓзЊ
 312   3            Delay_Ms(100);//бгЪБ100ms
 313   3            Dis = QXMBOT_GetDistance();//ЛёШЁГЌЩљВЈВтОрОрРы,ЕЅЮЛЃККСУз
 314   3          }while(Dis < val);
 315   2          forward(120, 120);//ЧАНј
 316   2          Delay_Ms(60);//бгЪБ60ms
 317   2        }
 318   1        else
 319   1        {
 320   2          forward(120, 120);//ЧАНј  
 321   2        }
 322   1      }
 323          void Tracking()//КкЯпб­МЃКЏЪ§
 324          {
 325   1        //ЮЊ0 УЛгаЪЖБ№ЕНКкЯп ЮЊ1ЪЖБ№ЕНКкЯп
 326   1        char data1,data2 = left_led1,data3 = right_led1;
 327   1        data1 = data2*10+data3;
 328   1        if(data1 == 11)//дкКкЯпЩЯЃЌЧАНј
 329   1        {
 330   2          forward(120,120);//ЧАНј
 331   2        }
 332   1        else
 333   1        {
 334   2          if(data1 == 10)//аЁЗљЦЋгвЃЌзѓзЊ
 335   2          {
 336   3            left_run(80,160);//зѓзЊ
 337   3          }
 338   2          if(data1 == 1)//аЁЗљЦЋзѓЃЌгвзЊ
 339   2          {
 340   3            right_run(160,80);//гвзЊ
 341   3          }
 342   2          if(data1 == 0)//ДѓЗљЦЋзѓЛђЦЋгвЃЌвбЭбРыЙьЕР
 343   2          {
 344   3            stop(); 
 345   3          }
 346   2        }
 347   1      }
 348          /********************* Timer0ГѕЪМЛЏ************************/
 349          void Timer0_Init(void)
 350          {
 351   1        TMOD |= 0x02;//ЖЈЪБЦї0ЃЌ8ЮЛздЖЏжизАФЃПщ
 352   1        TH0 = 164;
 353   1        TL0 = 164;//11.0592MОЇеёЃЌ12TвчГіЪБМфдМЕШгк100ЮЂУы
 354   1        TR0 = 1;//ЦєЖЏЖЈЪБЦї0
 355   1        ET0 = 1;//дЪаэЖЈЪБЦї0жаЖЯ 
 356   1      }
 357          /*ЖЈЪБЦї1ГѕЪМЛЏ*/
 358          void Timer1_Init(void)    
 359          {
C51 COMPILER V9.54   MAIN                                                                  05/12/2021 14:42:10 PAGE 7   

 360   1        TMOD |= 0x10; //ЖЈЪБЦї1ЙЄзїФЃЪН1,16ЮЛЖЈЪБФЃЪНЁЃT1гУВтECH0ТіГхГЄЖШ
 361   1        TH1 = 0;       
 362   1          TL1 = 0;
 363   1        ET1 = 1;             //дЪаэT1жаЖЯ
 364   1      }
 365           
 366          /********************* Timer0жаЖЯКЏЪ§************************/
 367          void timer0_int (void) interrupt 1
 368          {
 369   1         pwm_val_left++;
 370   1         pwm_val_right++;
 371   1         LoadPWM();//зАдиPWMЪфГі
 372   1      }
 373          /* Timer0 interrupt routine */
 374          void tm1_isr() interrupt 3 using 1
 375          {
 376   1        Timer1Overflow = 1; //МЦЪ§Цї1вчГіБъжОЮЛ
 377   1        EchoPin = 0;    //ГЌЩљВЈНгЪеЖЫ  
 378   1      } 


MODULE INFORMATION:   STATIC OVERLAYABLE
   CODE SIZE        =    751    ----
   CONSTANT SIZE    =   ----    ----
   XDATA SIZE       =   ----    ----
   PDATA SIZE       =   ----    ----
   DATA SIZE        =     25       8
   IDATA SIZE       =   ----    ----
   BIT SIZE         =      1    ----
END OF MODULE INFORMATION.


C51 COMPILATION COMPLETE.  0 WARNING(S),  0 ERROR(S)
